<?xml version="1.0" encoding="UTF-8"?>
<!-- Generated by org.testng.reporters.JUnitReportReporter -->
<testsuite skipped="0" hostname="Swati-Goyal" name="seltest.tests.testscripts.hrm" tests="1" failures="0" timestamp="21 Jul 2017 09:49:11 GMT" time="9.576" errors="0">
  <testcase name="hrntest" time="9.576" classname="seltest.tests.testscripts.hrm"/>
</testsuite> <!-- seltest.tests.testscripts.hrm -->
